@expo/config-plugins@10.1.2
node_modules/@expo/config-plugins
  dev @expo/config-plugins@"~10.1.1" from the root project
  @expo/config-plugins@"~10.1.2" from @expo/cli@0.24.20
  node_modules/@expo/cli
    @expo/cli@"0.24.20" from expo@53.0.20
    node_modules/expo
      dev expo@"~53.0.0" from the root project
      peer expo@"*" from expo-asset@11.1.7
      node_modules/expo-asset
        expo-asset@"~11.1.7" from expo@53.0.20
      peer expo@"*" from expo-constants@17.1.7
      node_modules/expo-constants
        expo-constants@"~17.1.7" from expo@53.0.20
        expo-constants@"~17.1.7" from expo-asset@11.1.7
        node_modules/expo-asset
          expo-asset@"~11.1.7" from expo@53.0.20
      peer expo@"*" from expo-dev-client@5.2.4
      node_modules/expo-dev-client
        expo-dev-client@"~5.2.4" from the root project
      peer expo@"*" from expo-dev-launcher@5.1.16
      node_modules/expo-dev-launcher
        expo-dev-launcher@"5.1.16" from expo-dev-client@5.2.4
        node_modules/expo-dev-client
          expo-dev-client@"~5.2.4" from the root project
      peer expo@"*" from expo-dev-menu@6.1.14
      node_modules/expo-dev-menu
        expo-dev-menu@"6.1.14" from expo-dev-client@5.2.4
        node_modules/expo-dev-client
          expo-dev-client@"~5.2.4" from the root project
        expo-dev-menu@"6.1.14" from expo-dev-launcher@5.1.16
        node_modules/expo-dev-launcher
          expo-dev-launcher@"5.1.16" from expo-dev-client@5.2.4
          node_modules/expo-dev-client
            expo-dev-client@"~5.2.4" from the root project
      peer expo@"*" from expo-dev-menu-interface@1.10.0
      node_modules/expo-dev-menu-interface
        expo-dev-menu-interface@"1.10.0" from expo-dev-client@5.2.4
        node_modules/expo-dev-client
          expo-dev-client@"~5.2.4" from the root project
        expo-dev-menu-interface@"1.10.0" from expo-dev-menu@6.1.14
        node_modules/expo-dev-menu
          expo-dev-menu@"6.1.14" from expo-dev-client@5.2.4
          node_modules/expo-dev-client
            expo-dev-client@"~5.2.4" from the root project
          expo-dev-menu@"6.1.14" from expo-dev-launcher@5.1.16
          node_modules/expo-dev-launcher
            expo-dev-launcher@"5.1.16" from expo-dev-client@5.2.4
            node_modules/expo-dev-client
              expo-dev-client@"~5.2.4" from the root project
      peer expo@"*" from expo-file-system@18.1.11
      node_modules/expo-file-system
        expo-file-system@"~18.1.11" from expo@53.0.20
      peer expo@"*" from expo-font@13.3.2
      node_modules/expo-font
        peer expo-font@"*" from @expo/vector-icons@14.1.0
        node_modules/@expo/vector-icons
          @expo/vector-icons@"^14.1.0" from the root project
          @expo/vector-icons@"^14.0.0" from expo@53.0.20
        expo-font@"~13.3.2" from expo@53.0.20
      peer expo@"*" from expo-keep-awake@14.1.4
      node_modules/expo-keep-awake
        expo-keep-awake@"~14.1.4" from expo@53.0.20
      peer expo@"*" from expo-manifests@0.16.6
      node_modules/expo-manifests
        expo-manifests@"~0.16.6" from expo-dev-client@5.2.4
        node_modules/expo-dev-client
          expo-dev-client@"~5.2.4" from the root project
        expo-manifests@"~0.16.6" from expo-dev-launcher@5.1.16
        node_modules/expo-dev-launcher
          expo-dev-launcher@"5.1.16" from expo-dev-client@5.2.4
          node_modules/expo-dev-client
            expo-dev-client@"~5.2.4" from the root project
      peer expo@"*" from expo-sqlite@15.2.14
      node_modules/expo-sqlite
        expo-sqlite@"~15.2.14" from the root project
      peer expo@"*" from expo-updates-interface@1.1.0
      node_modules/expo-updates-interface
        expo-updates-interface@"~1.1.0" from expo-dev-client@5.2.4
        node_modules/expo-dev-client
          expo-dev-client@"~5.2.4" from the root project
  @expo/config-plugins@"~10.1.2" from @expo/config@11.0.13
  node_modules/@expo/config
    @expo/config@"~11.0.13" from @expo/cli@0.24.20
    node_modules/@expo/cli
      @expo/cli@"0.24.20" from expo@53.0.20
      node_modules/expo
        dev expo@"~53.0.0" from the root project
        peer expo@"*" from expo-asset@11.1.7
        node_modules/expo-asset
          expo-asset@"~11.1.7" from expo@53.0.20
        peer expo@"*" from expo-constants@17.1.7
        node_modules/expo-constants
          expo-constants@"~17.1.7" from expo@53.0.20
          expo-constants@"~17.1.7" from expo-asset@11.1.7
          node_modules/expo-asset
            expo-asset@"~11.1.7" from expo@53.0.20
        peer expo@"*" from expo-dev-client@5.2.4
        node_modules/expo-dev-client
          expo-dev-client@"~5.2.4" from the root project
        peer expo@"*" from expo-dev-launcher@5.1.16
        node_modules/expo-dev-launcher
          expo-dev-launcher@"5.1.16" from expo-dev-client@5.2.4
          node_modules/expo-dev-client
            expo-dev-client@"~5.2.4" from the root project
        peer expo@"*" from expo-dev-menu@6.1.14
        node_modules/expo-dev-menu
          expo-dev-menu@"6.1.14" from expo-dev-client@5.2.4
          node_modules/expo-dev-client
            expo-dev-client@"~5.2.4" from the root project
          expo-dev-menu@"6.1.14" from expo-dev-launcher@5.1.16
          node_modules/expo-dev-launcher
            expo-dev-launcher@"5.1.16" from expo-dev-client@5.2.4
            node_modules/expo-dev-client
              expo-dev-client@"~5.2.4" from the root project
        peer expo@"*" from expo-dev-menu-interface@1.10.0
        node_modules/expo-dev-menu-interface
          expo-dev-menu-interface@"1.10.0" from expo-dev-client@5.2.4
          node_modules/expo-dev-client
            expo-dev-client@"~5.2.4" from the root project
          expo-dev-menu-interface@"1.10.0" from expo-dev-menu@6.1.14
          node_modules/expo-dev-menu
            expo-dev-menu@"6.1.14" from expo-dev-client@5.2.4
            node_modules/expo-dev-client
              expo-dev-client@"~5.2.4" from the root project
            expo-dev-menu@"6.1.14" from expo-dev-launcher@5.1.16
            node_modules/expo-dev-launcher
              expo-dev-launcher@"5.1.16" from expo-dev-client@5.2.4
              node_modules/expo-dev-client
                expo-dev-client@"~5.2.4" from the root project
        peer expo@"*" from expo-file-system@18.1.11
        node_modules/expo-file-system
          expo-file-system@"~18.1.11" from expo@53.0.20
        peer expo@"*" from expo-font@13.3.2
        node_modules/expo-font
          peer expo-font@"*" from @expo/vector-icons@14.1.0
          node_modules/@expo/vector-icons
            @expo/vector-icons@"^14.1.0" from the root project
            @expo/vector-icons@"^14.0.0" from expo@53.0.20
          expo-font@"~13.3.2" from expo@53.0.20
        peer expo@"*" from expo-keep-awake@14.1.4
        node_modules/expo-keep-awake
          expo-keep-awake@"~14.1.4" from expo@53.0.20
        peer expo@"*" from expo-manifests@0.16.6
        node_modules/expo-manifests
          expo-manifests@"~0.16.6" from expo-dev-client@5.2.4
          node_modules/expo-dev-client
            expo-dev-client@"~5.2.4" from the root project
          expo-manifests@"~0.16.6" from expo-dev-launcher@5.1.16
          node_modules/expo-dev-launcher
            expo-dev-launcher@"5.1.16" from expo-dev-client@5.2.4
            node_modules/expo-dev-client
              expo-dev-client@"~5.2.4" from the root project
        peer expo@"*" from expo-sqlite@15.2.14
        node_modules/expo-sqlite
          expo-sqlite@"~15.2.14" from the root project
        peer expo@"*" from expo-updates-interface@1.1.0
        node_modules/expo-updates-interface
          expo-updates-interface@"~1.1.0" from expo-dev-client@5.2.4
          node_modules/expo-dev-client
            expo-dev-client@"~5.2.4" from the root project
    @expo/config@"~11.0.12" from @expo/metro-config@0.20.17
    node_modules/@expo/metro-config
      @expo/metro-config@"~0.20.17" from @expo/cli@0.24.20
      node_modules/@expo/cli
        @expo/cli@"0.24.20" from expo@53.0.20
        node_modules/expo
          dev expo@"~53.0.0" from the root project
          peer expo@"*" from expo-asset@11.1.7
          node_modules/expo-asset
            expo-asset@"~11.1.7" from expo@53.0.20
          peer expo@"*" from expo-constants@17.1.7
          node_modules/expo-constants
            expo-constants@"~17.1.7" from expo@53.0.20
            expo-constants@"~17.1.7" from expo-asset@11.1.7
            node_modules/expo-asset
              expo-asset@"~11.1.7" from expo@53.0.20
          peer expo@"*" from expo-dev-client@5.2.4
          node_modules/expo-dev-client
            expo-dev-client@"~5.2.4" from the root project
          peer expo@"*" from expo-dev-launcher@5.1.16
          node_modules/expo-dev-launcher
            expo-dev-launcher@"5.1.16" from expo-dev-client@5.2.4
            node_modules/expo-dev-client
              expo-dev-client@"~5.2.4" from the root project
          peer expo@"*" from expo-dev-menu@6.1.14
          node_modules/expo-dev-menu
            expo-dev-menu@"6.1.14" from expo-dev-client@5.2.4
            node_modules/expo-dev-client
              expo-dev-client@"~5.2.4" from the root project
            expo-dev-menu@"6.1.14" from expo-dev-launcher@5.1.16
            node_modules/expo-dev-launcher
              expo-dev-launcher@"5.1.16" from expo-dev-client@5.2.4
              node_modules/expo-dev-client
                expo-dev-client@"~5.2.4" from the root project
          peer expo@"*" from expo-dev-menu-interface@1.10.0
          node_modules/expo-dev-menu-interface
            expo-dev-menu-interface@"1.10.0" from expo-dev-client@5.2.4
            node_modules/expo-dev-client
              expo-dev-client@"~5.2.4" from the root project
            expo-dev-menu-interface@"1.10.0" from expo-dev-menu@6.1.14
            node_modules/expo-dev-menu
              expo-dev-menu@"6.1.14" from expo-dev-client@5.2.4
              node_modules/expo-dev-client
                expo-dev-client@"~5.2.4" from the root project
              expo-dev-menu@"6.1.14" from expo-dev-launcher@5.1.16
              node_modules/expo-dev-launcher
                expo-dev-launcher@"5.1.16" from expo-dev-client@5.2.4
                node_modules/expo-dev-client
                  expo-dev-client@"~5.2.4" from the root project
          peer expo@"*" from expo-file-system@18.1.11
          node_modules/expo-file-system
            expo-file-system@"~18.1.11" from expo@53.0.20
          peer expo@"*" from expo-font@13.3.2
          node_modules/expo-font
            peer expo-font@"*" from @expo/vector-icons@14.1.0
            node_modules/@expo/vector-icons
              @expo/vector-icons@"^14.1.0" from the root project
              @expo/vector-icons@"^14.0.0" from expo@53.0.20
            expo-font@"~13.3.2" from expo@53.0.20
          peer expo@"*" from expo-keep-awake@14.1.4
          node_modules/expo-keep-awake
            expo-keep-awake@"~14.1.4" from expo@53.0.20
          peer expo@"*" from expo-manifests@0.16.6
          node_modules/expo-manifests
            expo-manifests@"~0.16.6" from expo-dev-client@5.2.4
            node_modules/expo-dev-client
              expo-dev-client@"~5.2.4" from the root project
            expo-manifests@"~0.16.6" from expo-dev-launcher@5.1.16
            node_modules/expo-dev-launcher
              expo-dev-launcher@"5.1.16" from expo-dev-client@5.2.4
              node_modules/expo-dev-client
                expo-dev-client@"~5.2.4" from the root project
          peer expo@"*" from expo-sqlite@15.2.14
          node_modules/expo-sqlite
            expo-sqlite@"~15.2.14" from the root project
          peer expo@"*" from expo-updates-interface@1.1.0
          node_modules/expo-updates-interface
            expo-updates-interface@"~1.1.0" from expo-dev-client@5.2.4
            node_modules/expo-dev-client
              expo-dev-client@"~5.2.4" from the root project
      @expo/metro-config@"0.20.17" from expo@53.0.20
      node_modules/expo
        dev expo@"~53.0.0" from the root project
        peer expo@"*" from expo-asset@11.1.7
        node_modules/expo-asset
          expo-asset@"~11.1.7" from expo@53.0.20
        peer expo@"*" from expo-constants@17.1.7
        node_modules/expo-constants
          expo-constants@"~17.1.7" from expo@53.0.20
          expo-constants@"~17.1.7" from expo-asset@11.1.7
          node_modules/expo-asset
            expo-asset@"~11.1.7" from expo@53.0.20
        peer expo@"*" from expo-dev-client@5.2.4
        node_modules/expo-dev-client
          expo-dev-client@"~5.2.4" from the root project
        peer expo@"*" from expo-dev-launcher@5.1.16
        node_modules/expo-dev-launcher
          expo-dev-launcher@"5.1.16" from expo-dev-client@5.2.4
          node_modules/expo-dev-client
            expo-dev-client@"~5.2.4" from the root project
        peer expo@"*" from expo-dev-menu@6.1.14
        node_modules/expo-dev-menu
          expo-dev-menu@"6.1.14" from expo-dev-client@5.2.4
          node_modules/expo-dev-client
            expo-dev-client@"~5.2.4" from the root project
          expo-dev-menu@"6.1.14" from expo-dev-launcher@5.1.16
          node_modules/expo-dev-launcher
            expo-dev-launcher@"5.1.16" from expo-dev-client@5.2.4
            node_modules/expo-dev-client
              expo-dev-client@"~5.2.4" from the root project
        peer expo@"*" from expo-dev-menu-interface@1.10.0
        node_modules/expo-dev-menu-interface
          expo-dev-menu-interface@"1.10.0" from expo-dev-client@5.2.4
          node_modules/expo-dev-client
            expo-dev-client@"~5.2.4" from the root project
          expo-dev-menu-interface@"1.10.0" from expo-dev-menu@6.1.14
          node_modules/expo-dev-menu
            expo-dev-menu@"6.1.14" from expo-dev-client@5.2.4
            node_modules/expo-dev-client
              expo-dev-client@"~5.2.4" from the root project
            expo-dev-menu@"6.1.14" from expo-dev-launcher@5.1.16
            node_modules/expo-dev-launcher
              expo-dev-launcher@"5.1.16" from expo-dev-client@5.2.4
              node_modules/expo-dev-client
                expo-dev-client@"~5.2.4" from the root project
        peer expo@"*" from expo-file-system@18.1.11
        node_modules/expo-file-system
          expo-file-system@"~18.1.11" from expo@53.0.20
        peer expo@"*" from expo-font@13.3.2
        node_modules/expo-font
          peer expo-font@"*" from @expo/vector-icons@14.1.0
          node_modules/@expo/vector-icons
            @expo/vector-icons@"^14.1.0" from the root project
            @expo/vector-icons@"^14.0.0" from expo@53.0.20
          expo-font@"~13.3.2" from expo@53.0.20
        peer expo@"*" from expo-keep-awake@14.1.4
        node_modules/expo-keep-awake
          expo-keep-awake@"~14.1.4" from expo@53.0.20
        peer expo@"*" from expo-manifests@0.16.6
        node_modules/expo-manifests
          expo-manifests@"~0.16.6" from expo-dev-client@5.2.4
          node_modules/expo-dev-client
            expo-dev-client@"~5.2.4" from the root project
          expo-manifests@"~0.16.6" from expo-dev-launcher@5.1.16
          node_modules/expo-dev-launcher
            expo-dev-launcher@"5.1.16" from expo-dev-client@5.2.4
            node_modules/expo-dev-client
              expo-dev-client@"~5.2.4" from the root project
        peer expo@"*" from expo-sqlite@15.2.14
        node_modules/expo-sqlite
          expo-sqlite@"~15.2.14" from the root project
        peer expo@"*" from expo-updates-interface@1.1.0
        node_modules/expo-updates-interface
          expo-updates-interface@"~1.1.0" from expo-dev-client@5.2.4
          node_modules/expo-dev-client
            expo-dev-client@"~5.2.4" from the root project
    @expo/config@"~11.0.13" from @expo/prebuild-config@9.0.11
    node_modules/@expo/prebuild-config
      @expo/prebuild-config@"^9.0.11" from @expo/cli@0.24.20
      node_modules/@expo/cli
        @expo/cli@"0.24.20" from expo@53.0.20
        node_modules/expo
          dev expo@"~53.0.0" from the root project
          peer expo@"*" from expo-asset@11.1.7
          node_modules/expo-asset
            expo-asset@"~11.1.7" from expo@53.0.20
          peer expo@"*" from expo-constants@17.1.7
          node_modules/expo-constants
            expo-constants@"~17.1.7" from expo@53.0.20
            expo-constants@"~17.1.7" from expo-asset@11.1.7
            node_modules/expo-asset
              expo-asset@"~11.1.7" from expo@53.0.20
          peer expo@"*" from expo-dev-client@5.2.4
          node_modules/expo-dev-client
            expo-dev-client@"~5.2.4" from the root project
          peer expo@"*" from expo-dev-launcher@5.1.16
          node_modules/expo-dev-launcher
            expo-dev-launcher@"5.1.16" from expo-dev-client@5.2.4
            node_modules/expo-dev-client
              expo-dev-client@"~5.2.4" from the root project
          peer expo@"*" from expo-dev-menu@6.1.14
          node_modules/expo-dev-menu
            expo-dev-menu@"6.1.14" from expo-dev-client@5.2.4
            node_modules/expo-dev-client
              expo-dev-client@"~5.2.4" from the root project
            expo-dev-menu@"6.1.14" from expo-dev-launcher@5.1.16
            node_modules/expo-dev-launcher
              expo-dev-launcher@"5.1.16" from expo-dev-client@5.2.4
              node_modules/expo-dev-client
                expo-dev-client@"~5.2.4" from the root project
          peer expo@"*" from expo-dev-menu-interface@1.10.0
          node_modules/expo-dev-menu-interface
            expo-dev-menu-interface@"1.10.0" from expo-dev-client@5.2.4
            node_modules/expo-dev-client
              expo-dev-client@"~5.2.4" from the root project
            expo-dev-menu-interface@"1.10.0" from expo-dev-menu@6.1.14
            node_modules/expo-dev-menu
              expo-dev-menu@"6.1.14" from expo-dev-client@5.2.4
              node_modules/expo-dev-client
                expo-dev-client@"~5.2.4" from the root project
              expo-dev-menu@"6.1.14" from expo-dev-launcher@5.1.16
              node_modules/expo-dev-launcher
                expo-dev-launcher@"5.1.16" from expo-dev-client@5.2.4
                node_modules/expo-dev-client
                  expo-dev-client@"~5.2.4" from the root project
          peer expo@"*" from expo-file-system@18.1.11
          node_modules/expo-file-system
            expo-file-system@"~18.1.11" from expo@53.0.20
          peer expo@"*" from expo-font@13.3.2
          node_modules/expo-font
            peer expo-font@"*" from @expo/vector-icons@14.1.0
            node_modules/@expo/vector-icons
              @expo/vector-icons@"^14.1.0" from the root project
              @expo/vector-icons@"^14.0.0" from expo@53.0.20
            expo-font@"~13.3.2" from expo@53.0.20
          peer expo@"*" from expo-keep-awake@14.1.4
          node_modules/expo-keep-awake
            expo-keep-awake@"~14.1.4" from expo@53.0.20
          peer expo@"*" from expo-manifests@0.16.6
          node_modules/expo-manifests
            expo-manifests@"~0.16.6" from expo-dev-client@5.2.4
            node_modules/expo-dev-client
              expo-dev-client@"~5.2.4" from the root project
            expo-manifests@"~0.16.6" from expo-dev-launcher@5.1.16
            node_modules/expo-dev-launcher
              expo-dev-launcher@"5.1.16" from expo-dev-client@5.2.4
              node_modules/expo-dev-client
                expo-dev-client@"~5.2.4" from the root project
          peer expo@"*" from expo-sqlite@15.2.14
          node_modules/expo-sqlite
            expo-sqlite@"~15.2.14" from the root project
          peer expo@"*" from expo-updates-interface@1.1.0
          node_modules/expo-updates-interface
            expo-updates-interface@"~1.1.0" from expo-dev-client@5.2.4
            node_modules/expo-dev-client
              expo-dev-client@"~5.2.4" from the root project
    @expo/config@"~11.0.13" from expo@53.0.20
    node_modules/expo
      dev expo@"~53.0.0" from the root project
      peer expo@"*" from expo-asset@11.1.7
      node_modules/expo-asset
        expo-asset@"~11.1.7" from expo@53.0.20
      peer expo@"*" from expo-constants@17.1.7
      node_modules/expo-constants
        expo-constants@"~17.1.7" from expo@53.0.20
        expo-constants@"~17.1.7" from expo-asset@11.1.7
        node_modules/expo-asset
          expo-asset@"~11.1.7" from expo@53.0.20
      peer expo@"*" from expo-dev-client@5.2.4
      node_modules/expo-dev-client
        expo-dev-client@"~5.2.4" from the root project
      peer expo@"*" from expo-dev-launcher@5.1.16
      node_modules/expo-dev-launcher
        expo-dev-launcher@"5.1.16" from expo-dev-client@5.2.4
        node_modules/expo-dev-client
          expo-dev-client@"~5.2.4" from the root project
      peer expo@"*" from expo-dev-menu@6.1.14
      node_modules/expo-dev-menu
        expo-dev-menu@"6.1.14" from expo-dev-client@5.2.4
        node_modules/expo-dev-client
          expo-dev-client@"~5.2.4" from the root project
        expo-dev-menu@"6.1.14" from expo-dev-launcher@5.1.16
        node_modules/expo-dev-launcher
          expo-dev-launcher@"5.1.16" from expo-dev-client@5.2.4
          node_modules/expo-dev-client
            expo-dev-client@"~5.2.4" from the root project
      peer expo@"*" from expo-dev-menu-interface@1.10.0
      node_modules/expo-dev-menu-interface
        expo-dev-menu-interface@"1.10.0" from expo-dev-client@5.2.4
        node_modules/expo-dev-client
          expo-dev-client@"~5.2.4" from the root project
        expo-dev-menu-interface@"1.10.0" from expo-dev-menu@6.1.14
        node_modules/expo-dev-menu
          expo-dev-menu@"6.1.14" from expo-dev-client@5.2.4
          node_modules/expo-dev-client
            expo-dev-client@"~5.2.4" from the root project
          expo-dev-menu@"6.1.14" from expo-dev-launcher@5.1.16
          node_modules/expo-dev-launcher
            expo-dev-launcher@"5.1.16" from expo-dev-client@5.2.4
            node_modules/expo-dev-client
              expo-dev-client@"~5.2.4" from the root project
      peer expo@"*" from expo-file-system@18.1.11
      node_modules/expo-file-system
        expo-file-system@"~18.1.11" from expo@53.0.20
      peer expo@"*" from expo-font@13.3.2
      node_modules/expo-font
        peer expo-font@"*" from @expo/vector-icons@14.1.0
        node_modules/@expo/vector-icons
          @expo/vector-icons@"^14.1.0" from the root project
          @expo/vector-icons@"^14.0.0" from expo@53.0.20
        expo-font@"~13.3.2" from expo@53.0.20
      peer expo@"*" from expo-keep-awake@14.1.4
      node_modules/expo-keep-awake
        expo-keep-awake@"~14.1.4" from expo@53.0.20
      peer expo@"*" from expo-manifests@0.16.6
      node_modules/expo-manifests
        expo-manifests@"~0.16.6" from expo-dev-client@5.2.4
        node_modules/expo-dev-client
          expo-dev-client@"~5.2.4" from the root project
        expo-manifests@"~0.16.6" from expo-dev-launcher@5.1.16
        node_modules/expo-dev-launcher
          expo-dev-launcher@"5.1.16" from expo-dev-client@5.2.4
          node_modules/expo-dev-client
            expo-dev-client@"~5.2.4" from the root project
      peer expo@"*" from expo-sqlite@15.2.14
      node_modules/expo-sqlite
        expo-sqlite@"~15.2.14" from the root project
      peer expo@"*" from expo-updates-interface@1.1.0
      node_modules/expo-updates-interface
        expo-updates-interface@"~1.1.0" from expo-dev-client@5.2.4
        node_modules/expo-dev-client
          expo-dev-client@"~5.2.4" from the root project
    @expo/config@"~11.0.12" from expo-constants@17.1.7
    node_modules/expo-constants
      expo-constants@"~17.1.7" from expo@53.0.20
      expo-constants@"~17.1.7" from expo-asset@11.1.7
      node_modules/expo-asset
        expo-asset@"~11.1.7" from expo@53.0.20
    @expo/config@"~11.0.12" from expo-manifests@0.16.6
    node_modules/expo-manifests
      expo-manifests@"~0.16.6" from expo-dev-client@5.2.4
      node_modules/expo-dev-client
        expo-dev-client@"~5.2.4" from the root project
      expo-manifests@"~0.16.6" from expo-dev-launcher@5.1.16
      node_modules/expo-dev-launcher
        expo-dev-launcher@"5.1.16" from expo-dev-client@5.2.4
        node_modules/expo-dev-client
          expo-dev-client@"~5.2.4" from the root project
  @expo/config-plugins@"~10.1.2" from @expo/prebuild-config@9.0.11
  node_modules/@expo/prebuild-config
    @expo/prebuild-config@"^9.0.11" from @expo/cli@0.24.20
    node_modules/@expo/cli
      @expo/cli@"0.24.20" from expo@53.0.20
      node_modules/expo
        dev expo@"~53.0.0" from the root project
        peer expo@"*" from expo-asset@11.1.7
        node_modules/expo-asset
          expo-asset@"~11.1.7" from expo@53.0.20
        peer expo@"*" from expo-constants@17.1.7
        node_modules/expo-constants
          expo-constants@"~17.1.7" from expo@53.0.20
          expo-constants@"~17.1.7" from expo-asset@11.1.7
          node_modules/expo-asset
            expo-asset@"~11.1.7" from expo@53.0.20
        peer expo@"*" from expo-dev-client@5.2.4
        node_modules/expo-dev-client
          expo-dev-client@"~5.2.4" from the root project
        peer expo@"*" from expo-dev-launcher@5.1.16
        node_modules/expo-dev-launcher
          expo-dev-launcher@"5.1.16" from expo-dev-client@5.2.4
          node_modules/expo-dev-client
            expo-dev-client@"~5.2.4" from the root project
        peer expo@"*" from expo-dev-menu@6.1.14
        node_modules/expo-dev-menu
          expo-dev-menu@"6.1.14" from expo-dev-client@5.2.4
          node_modules/expo-dev-client
            expo-dev-client@"~5.2.4" from the root project
          expo-dev-menu@"6.1.14" from expo-dev-launcher@5.1.16
          node_modules/expo-dev-launcher
            expo-dev-launcher@"5.1.16" from expo-dev-client@5.2.4
            node_modules/expo-dev-client
              expo-dev-client@"~5.2.4" from the root project
        peer expo@"*" from expo-dev-menu-interface@1.10.0
        node_modules/expo-dev-menu-interface
          expo-dev-menu-interface@"1.10.0" from expo-dev-client@5.2.4
          node_modules/expo-dev-client
            expo-dev-client@"~5.2.4" from the root project
          expo-dev-menu-interface@"1.10.0" from expo-dev-menu@6.1.14
          node_modules/expo-dev-menu
            expo-dev-menu@"6.1.14" from expo-dev-client@5.2.4
            node_modules/expo-dev-client
              expo-dev-client@"~5.2.4" from the root project
            expo-dev-menu@"6.1.14" from expo-dev-launcher@5.1.16
            node_modules/expo-dev-launcher
              expo-dev-launcher@"5.1.16" from expo-dev-client@5.2.4
              node_modules/expo-dev-client
                expo-dev-client@"~5.2.4" from the root project
        peer expo@"*" from expo-file-system@18.1.11
        node_modules/expo-file-system
          expo-file-system@"~18.1.11" from expo@53.0.20
        peer expo@"*" from expo-font@13.3.2
        node_modules/expo-font
          peer expo-font@"*" from @expo/vector-icons@14.1.0
          node_modules/@expo/vector-icons
            @expo/vector-icons@"^14.1.0" from the root project
            @expo/vector-icons@"^14.0.0" from expo@53.0.20
          expo-font@"~13.3.2" from expo@53.0.20
        peer expo@"*" from expo-keep-awake@14.1.4
        node_modules/expo-keep-awake
          expo-keep-awake@"~14.1.4" from expo@53.0.20
        peer expo@"*" from expo-manifests@0.16.6
        node_modules/expo-manifests
          expo-manifests@"~0.16.6" from expo-dev-client@5.2.4
          node_modules/expo-dev-client
            expo-dev-client@"~5.2.4" from the root project
          expo-manifests@"~0.16.6" from expo-dev-launcher@5.1.16
          node_modules/expo-dev-launcher
            expo-dev-launcher@"5.1.16" from expo-dev-client@5.2.4
            node_modules/expo-dev-client
              expo-dev-client@"~5.2.4" from the root project
        peer expo@"*" from expo-sqlite@15.2.14
        node_modules/expo-sqlite
          expo-sqlite@"~15.2.14" from the root project
        peer expo@"*" from expo-updates-interface@1.1.0
        node_modules/expo-updates-interface
          expo-updates-interface@"~1.1.0" from expo-dev-client@5.2.4
          node_modules/expo-dev-client
            expo-dev-client@"~5.2.4" from the root project
  @expo/config-plugins@"~10.1.2" from expo@53.0.20
  node_modules/expo
    dev expo@"~53.0.0" from the root project
    peer expo@"*" from expo-asset@11.1.7
    node_modules/expo-asset
      expo-asset@"~11.1.7" from expo@53.0.20
    peer expo@"*" from expo-constants@17.1.7
    node_modules/expo-constants
      expo-constants@"~17.1.7" from expo@53.0.20
      expo-constants@"~17.1.7" from expo-asset@11.1.7
      node_modules/expo-asset
        expo-asset@"~11.1.7" from expo@53.0.20
    peer expo@"*" from expo-dev-client@5.2.4
    node_modules/expo-dev-client
      expo-dev-client@"~5.2.4" from the root project
    peer expo@"*" from expo-dev-launcher@5.1.16
    node_modules/expo-dev-launcher
      expo-dev-launcher@"5.1.16" from expo-dev-client@5.2.4
      node_modules/expo-dev-client
        expo-dev-client@"~5.2.4" from the root project
    peer expo@"*" from expo-dev-menu@6.1.14
    node_modules/expo-dev-menu
      expo-dev-menu@"6.1.14" from expo-dev-client@5.2.4
      node_modules/expo-dev-client
        expo-dev-client@"~5.2.4" from the root project
      expo-dev-menu@"6.1.14" from expo-dev-launcher@5.1.16
      node_modules/expo-dev-launcher
        expo-dev-launcher@"5.1.16" from expo-dev-client@5.2.4
        node_modules/expo-dev-client
          expo-dev-client@"~5.2.4" from the root project
    peer expo@"*" from expo-dev-menu-interface@1.10.0
    node_modules/expo-dev-menu-interface
      expo-dev-menu-interface@"1.10.0" from expo-dev-client@5.2.4
      node_modules/expo-dev-client
        expo-dev-client@"~5.2.4" from the root project
      expo-dev-menu-interface@"1.10.0" from expo-dev-menu@6.1.14
      node_modules/expo-dev-menu
        expo-dev-menu@"6.1.14" from expo-dev-client@5.2.4
        node_modules/expo-dev-client
          expo-dev-client@"~5.2.4" from the root project
        expo-dev-menu@"6.1.14" from expo-dev-launcher@5.1.16
        node_modules/expo-dev-launcher
          expo-dev-launcher@"5.1.16" from expo-dev-client@5.2.4
          node_modules/expo-dev-client
            expo-dev-client@"~5.2.4" from the root project
    peer expo@"*" from expo-file-system@18.1.11
    node_modules/expo-file-system
      expo-file-system@"~18.1.11" from expo@53.0.20
    peer expo@"*" from expo-font@13.3.2
    node_modules/expo-font
      peer expo-font@"*" from @expo/vector-icons@14.1.0
      node_modules/@expo/vector-icons
        @expo/vector-icons@"^14.1.0" from the root project
        @expo/vector-icons@"^14.0.0" from expo@53.0.20
      expo-font@"~13.3.2" from expo@53.0.20
    peer expo@"*" from expo-keep-awake@14.1.4
    node_modules/expo-keep-awake
      expo-keep-awake@"~14.1.4" from expo@53.0.20
    peer expo@"*" from expo-manifests@0.16.6
    node_modules/expo-manifests
      expo-manifests@"~0.16.6" from expo-dev-client@5.2.4
      node_modules/expo-dev-client
        expo-dev-client@"~5.2.4" from the root project
      expo-manifests@"~0.16.6" from expo-dev-launcher@5.1.16
      node_modules/expo-dev-launcher
        expo-dev-launcher@"5.1.16" from expo-dev-client@5.2.4
        node_modules/expo-dev-client
          expo-dev-client@"~5.2.4" from the root project
    peer expo@"*" from expo-sqlite@15.2.14
    node_modules/expo-sqlite
      expo-sqlite@"~15.2.14" from the root project
    peer expo@"*" from expo-updates-interface@1.1.0
    node_modules/expo-updates-interface
      expo-updates-interface@"~1.1.0" from expo-dev-client@5.2.4
      node_modules/expo-dev-client
        expo-dev-client@"~5.2.4" from the root project

@expo/config-plugins@2.0.4
node_modules/@react-native-voice/voice/node_modules/@expo/config-plugins
  @expo/config-plugins@"^2.0.0" from @react-native-voice/voice@3.2.4
  node_modules/@react-native-voice/voice
    @react-native-voice/voice@"^3.1.5" from the root project
